[2025-08-09 18:09:21] [INFO] [CART] Fetched cart {"userId":"68939825df043d86a0d0d488"}
[2025-08-09 18:09:21] [INFO] [CART] Fetched cart {"userId":"68939825df043d86a0d0d488"}
[2025-08-09 18:09:55] [INFO] [CART] Fetched cart {"userId":"68939825df043d86a0d0d488"}
[2025-08-09 18:09:55] [INFO] [CART] Fetched cart {"userId":"68939825df043d86a0d0d488"}
[2025-08-09 18:10:59] [INFO] [CART] Fetched cart {"userId":"68939825df043d86a0d0d488"}
[2025-08-09 18:10:59] [INFO] [CART] Fetched cart {"userId":"68939825df043d86a0d0d488"}
[2025-08-09 18:11:19] [INFO] [CART] Fetched cart {"userId":"68939825df043d86a0d0d488"}
[2025-08-09 18:11:19] [INFO] [CART] Fetched cart {"userId":"68939825df043d86a0d0d488"}
[2025-08-09 18:12:07] [INFO] [CART] Fetched cart {"userId":"68939825df043d86a0d0d488"}
[2025-08-09 18:12:08] [INFO] [CART] Fetched cart {"userId":"68939825df043d86a0d0d488"}
[2025-08-09 18:13:27] [INFO] [CART] Fetched cart {"userId":"68939825df043d86a0d0d488"}
[2025-08-09 18:13:27] [INFO] [CART] Fetched cart {"userId":"68939825df043d86a0d0d488"}
[2025-08-09 18:14:18] [INFO] [CART] Fetched cart {"userId":"68939825df043d86a0d0d488"}
[2025-08-09 18:14:18] [INFO] [CART] Fetched cart {"userId":"68939825df043d86a0d0d488"}
[2025-08-09 18:14:40] [INFO] [CART] Fetched cart {"userId":"68939825df043d86a0d0d488"}
[2025-08-09 18:14:40] [INFO] [CART] Fetched cart {"userId":"68939825df043d86a0d0d488"}
[2025-08-09 18:15:03] [INFO] [CART] Fetched cart {"userId":"68939825df043d86a0d0d488"}
[2025-08-09 18:15:03] [INFO] [CART] Fetched cart {"userId":"68939825df043d86a0d0d488"}
[2025-08-09 18:15:20] [INFO] [CART] Fetched cart {"userId":"68939825df043d86a0d0d488"}
[2025-08-09 18:15:20] [INFO] [CART] Fetched cart {"userId":"68939825df043d86a0d0d488"}
[2025-08-09 18:16:01] [INFO] [CART] Fetched cart {"userId":"68939825df043d86a0d0d488"}
[2025-08-09 18:16:01] [INFO] [CART] Fetched cart {"userId":"68939825df043d86a0d0d488"}
[2025-08-09 18:16:50] [INFO] [CART] Fetched cart {"userId":"68939825df043d86a0d0d488"}
[2025-08-09 18:16:50] [INFO] [CART] Fetched cart {"userId":"68939825df043d86a0d0d488"}
[2025-08-09 18:17:18] [INFO] [CART] Fetched cart {"userId":"68939825df043d86a0d0d488"}
[2025-08-09 18:17:18] [INFO] [CART] Fetched cart {"userId":"68939825df043d86a0d0d488"}
[2025-08-09 18:23:32] [INFO] [USER] User logged in {"userId":"688ef5567d066276af6d30d1"}
[2025-08-09 18:23:32] [INFO] [CART] Fetched cart {"userId":"688ef5567d066276af6d30d1"}
[2025-08-09 18:23:43] [INFO] [CART] Fetched cart {"userId":"688ef5567d066276af6d30d1"}
[2025-08-09 18:24:51] [INFO] [CART] Fetched cart {"userId":"688ef5567d066276af6d30d1"}
[2025-08-09 18:24:51] [INFO] [CART] Fetched cart {"userId":"688ef5567d066276af6d30d1"}
[2025-08-09 18:25:03] [INFO] [CART] Fetched cart {"userId":"688ef5567d066276af6d30d1"}
[2025-08-09 18:25:03] [INFO] [CART] Fetched cart {"userId":"688ef5567d066276af6d30d1"}
[2025-08-09 18:25:26] [INFO] [CART] Fetched cart {"userId":"688ef5567d066276af6d30d1"}
[2025-08-09 18:25:26] [INFO] [CART] Fetched cart {"userId":"688ef5567d066276af6d30d1"}
[2025-08-09 18:25:42] [INFO] [CART] Fetched cart {"userId":"688ef5567d066276af6d30d1"}
[2025-08-09 18:25:42] [INFO] [CART] Fetched cart {"userId":"688ef5567d066276af6d30d1"}
[2025-08-09 18:27:22] [INFO] [USER] User logged in {"userId":"68939825df043d86a0d0d488"}
[2025-08-09 18:27:23] [INFO] [CART] Fetched cart {"userId":"68939825df043d86a0d0d488"}
[2025-08-09 18:27:32] [INFO] [USER] Fetched all users {"total":6,"page":1}
[2025-08-09 18:27:33] [INFO] [USER] User retrieved by ID {"userId":"688ef5567d066276af6d30d1"}
[2025-08-09 18:28:04] [INFO] [USER] User logged in {"userId":"688ef5567d066276af6d30d1"}
[2025-08-09 18:28:04] [INFO] [CART] Fetched cart {"userId":"688ef5567d066276af6d30d1"}
[2025-08-09 18:28:09] [INFO] [CART] Fetched cart {"userId":"688ef5567d066276af6d30d1"}
[2025-08-09 18:28:09] [INFO] [USER] User retrieved by ID {"userId":"688ef5567d066276af6d30d1"}
[2025-08-09 18:28:16] [INFO] [USER] User updated {"userId":"688ef5567d066276af6d30d1","updates":{"firstName":"Harish","lastName":"Lankepalli","email":"harish@gmail.com","role":"SUPER_ADMIN"}}
[2025-08-09 18:28:27] [INFO] [CART] Fetched cart {"userId":"688ef5567d066276af6d30d1"}
[2025-08-09 18:28:35] [INFO] [USER] User logged in {"userId":"68939825df043d86a0d0d488"}
[2025-08-09 18:28:36] [INFO] [CART] Fetched cart {"userId":"68939825df043d86a0d0d488"}
[2025-08-09 18:28:37] [INFO] [USER] Fetched all users {"total":6,"page":1}
[2025-08-09 18:28:47] [INFO] [USER] User logged in {"userId":"688ef5567d066276af6d30d1"}
[2025-08-09 18:28:47] [INFO] [CART] Fetched cart {"userId":"688ef5567d066276af6d30d1"}
[2025-08-09 18:28:58] [INFO] [USER] Fetched all users {"total":6,"page":1}
[2025-08-09 18:29:00] [INFO] [USER] User retrieved by ID {"userId":"688ef5567d066276af6d30d1"}
[2025-08-09 18:29:03] [INFO] [USER] User updated {"userId":"688ef5567d066276af6d30d1","updates":{"firstName":"Harish","lastName":"Lankepalli","email":"harish@gmail.com","role":"ADMIN"}}
[2025-08-09 18:29:03] [INFO] [USER] Fetched all users {"total":6,"page":1}
[2025-08-09 18:29:07] [INFO] [CART] Fetched cart {"userId":"688ef5567d066276af6d30d1"}
[2025-08-09 18:29:07] [INFO] [USER] Fetched all users {"total":6,"page":1}
[2025-08-09 18:29:32] [INFO] [USER] Fetched all users {"total":6,"page":1}
[2025-08-09 18:29:53] [INFO] [USER] User logged in {"userId":"688ef5567d066276af6d30d1"}
[2025-08-09 18:29:53] [INFO] [CART] Fetched cart {"userId":"688ef5567d066276af6d30d1"}
[2025-08-09 18:32:00] [INFO] [AUTH] MongoDB Connected Successfully 
[2025-08-09 18:33:09] [INFO] [CART] Fetched cart {"userId":"688ef5567d066276af6d30d1"}
[2025-08-09 18:33:09] [INFO] [USER] User retrieved by ID {"userId":"688ef5567d066276af6d30d1"}
[2025-08-09 18:33:36] [INFO] [AUTH] MongoDB Connected Successfully 
[2025-08-09 18:33:44] [INFO] [CART] Fetched cart {"userId":"688ef5567d066276af6d30d1"}
[2025-08-09 18:33:51] [INFO] [USER] User logged in {"userId":"688ef5567d066276af6d30d1"}
[2025-08-09 18:33:51] [INFO] [CART] Fetched cart {"userId":"688ef5567d066276af6d30d1"}
[2025-08-09 18:34:03] [INFO] [CART] Fetched cart {"userId":"688ef5567d066276af6d30d1"}
[2025-08-09 18:34:03] [INFO] [USER] User retrieved by ID {"userId":"688ef5567d066276af6d30d1"}
[2025-08-09 18:34:45] [INFO] [CART] Fetched cart {"userId":"688ef5567d066276af6d30d1"}
[2025-08-09 18:34:55] [INFO] [CART] Fetched cart {"userId":"688ef5567d066276af6d30d1"}
[2025-08-09 18:34:55] [INFO] [CART] Fetched cart {"userId":"688ef5567d066276af6d30d1"}
[2025-08-09 18:34:57] [INFO] [CART] Fetched cart {"userId":"688ef5567d066276af6d30d1"}
[2025-08-09 18:34:57] [INFO] [CART] Fetched cart {"userId":"688ef5567d066276af6d30d1"}
[2025-08-09 18:37:55] [INFO] [USER] User logged in {"userId":"688ef5567d066276af6d30d1"}
[2025-08-09 18:37:55] [INFO] [CART] Fetched cart {"userId":"688ef5567d066276af6d30d1"}
[2025-08-09 18:42:11] [INFO] [CART] Fetched cart {"userId":"688ef5567d066276af6d30d1"}
[2025-08-09 18:42:29] [INFO] [CART] Fetched cart {"userId":"688ef5567d066276af6d30d1"}
[2025-08-09 18:42:37] [INFO] [CART] Fetched cart {"userId":"688ef5567d066276af6d30d1"}
[2025-08-09 18:45:48] [INFO] [CART] Fetched cart {"userId":"688ef5567d066276af6d30d1"}
[2025-08-09 18:48:40] [INFO] [CART] Fetched cart {"userId":"688ef5567d066276af6d30d1"}
[2025-08-09 18:51:14] [INFO] [CART] Fetched cart {"userId":"688ef5567d066276af6d30d1"}
[2025-08-09 18:51:40] [INFO] [CART] Fetched cart {"userId":"688ef5567d066276af6d30d1"}
[2025-08-09 18:53:02] [INFO] [CART] Fetched cart {"userId":"688ef5567d066276af6d30d1"}
[2025-08-09 18:53:09] [INFO] [CART] Fetched cart {"userId":"688ef5567d066276af6d30d1"}
[2025-08-09 18:53:23] [INFO] [CART] Fetched cart {"userId":"688ef5567d066276af6d30d1"}
[2025-08-09 18:53:58] [INFO] [CART] Fetched cart {"userId":"688ef5567d066276af6d30d1"}
[2025-08-09 18:56:33] [INFO] [USER] User logged in {"userId":"68939825df043d86a0d0d488"}
[2025-08-09 18:56:33] [INFO] [CART] Fetched cart {"userId":"68939825df043d86a0d0d488"}
[2025-08-09 18:56:36] [INFO] [PRODUCT] Product liked {"productId":"688f92af926c13c2d9cc7d10","userId":"68939825df043d86a0d0d488"}
[2025-08-09 19:00:15] [INFO] [CART] Fetched cart {"userId":"68939825df043d86a0d0d488"}
[2025-08-09 19:00:42] [INFO] [CART] Fetched cart {"userId":"68939825df043d86a0d0d488"}
[2025-08-09 19:01:26] [INFO] [CART] Fetched cart {"userId":"68939825df043d86a0d0d488"}
[2025-08-09 19:01:26] [INFO] [CART] Fetched cart {"userId":"68939825df043d86a0d0d488"}
[2025-08-09 19:01:31] [INFO] [CART] Added to cart {"userId":"68939825df043d86a0d0d488","productId":"688f99e2e3c3b218c9a5fe9c","quantity":1}
[2025-08-09 19:01:35] [INFO] [CART] Fetched cart {"userId":"68939825df043d86a0d0d488"}
[2025-08-09 19:01:35] [INFO] [CART] Fetched cart {"userId":"68939825df043d86a0d0d488"}
[2025-08-09 19:07:35] [INFO] [CART] Fetched cart {"userId":"68939825df043d86a0d0d488"}
[2025-08-09 19:10:03] [INFO] [CART] Fetched cart {"userId":"68939825df043d86a0d0d488"}
[2025-08-09 19:12:10] [INFO] [CART] Fetched cart {"userId":"68939825df043d86a0d0d488"}
[2025-08-09 19:12:19] [INFO] [CART] Added to cart {"userId":"68939825df043d86a0d0d488","productId":"68903eb68547db1aac78efdc","quantity":1}
[2025-08-09 19:12:21] [INFO] [CART] Added to cart {"userId":"68939825df043d86a0d0d488","productId":"6890a9b4507df7a4c3c48cd0","quantity":1}
[2025-08-09 19:12:23] [INFO] [CART] Fetched cart {"userId":"68939825df043d86a0d0d488"}
[2025-08-09 19:12:23] [INFO] [CART] Fetched cart {"userId":"68939825df043d86a0d0d488"}
[2025-08-09 19:12:27] [INFO] [CART] Removed item from cart {"userId":"68939825df043d86a0d0d488","productId":"688f99e2e3c3b218c9a5fe9c"}
[2025-08-09 19:12:27] [INFO] [CART] Fetched cart {"userId":"68939825df043d86a0d0d488"}
[2025-08-09 19:12:28] [INFO] [CART] Removed item from cart {"userId":"68939825df043d86a0d0d488","productId":"688e2f3ecf3411d7c61156eb"}
[2025-08-09 19:12:28] [INFO] [CART] Fetched cart {"userId":"68939825df043d86a0d0d488"}
[2025-08-09 19:12:58] [INFO] [USER] Fetched all users {"total":6,"page":1}
[2025-08-09 19:22:55] [INFO] [USER] User logged in {"userId":"68939825df043d86a0d0d488"}
[2025-08-09 19:22:57] [INFO] [CART] Fetched cart {"userId":"68939825df043d86a0d0d488"}
[2025-08-09 19:23:00] [INFO] [CART] Fetched cart {"userId":"68939825df043d86a0d0d488"}
[2025-08-09 19:23:00] [INFO] [CART] Fetched cart {"userId":"68939825df043d86a0d0d488"}
[2025-08-09 19:23:08] [INFO] [CART] Fetched cart {"userId":"68939825df043d86a0d0d488"}
[2025-08-09 19:23:08] [INFO] [CART] Fetched cart {"userId":"68939825df043d86a0d0d488"}
[2025-08-09 19:23:55] [INFO] [CART] Fetched cart {"userId":"68939825df043d86a0d0d488"}
[2025-08-09 19:23:55] [INFO] [CART] Fetched cart {"userId":"68939825df043d86a0d0d488"}
[2025-08-09 19:23:59] [INFO] [CART] Fetched cart {"userId":"68939825df043d86a0d0d488"}
[2025-08-09 19:23:59] [INFO] [CART] Fetched cart {"userId":"68939825df043d86a0d0d488"}
[2025-08-09 19:24:01] [INFO] [CART] Fetched cart {"userId":"68939825df043d86a0d0d488"}
[2025-08-09 19:24:01] [INFO] [CART] Fetched cart {"userId":"68939825df043d86a0d0d488"}
[2025-08-09 19:24:13] [INFO] [CART] Fetched cart {"userId":"68939825df043d86a0d0d488"}
[2025-08-09 19:24:13] [INFO] [CART] Fetched cart {"userId":"68939825df043d86a0d0d488"}
[2025-08-09 19:24:14] [INFO] [CART] Fetched cart {"userId":"68939825df043d86a0d0d488"}
[2025-08-09 19:24:14] [INFO] [CART] Fetched cart {"userId":"68939825df043d86a0d0d488"}
[2025-08-09 19:24:37] [INFO] [CART] Updated item quantity in cart {"userId":"68939825df043d86a0d0d488","productId":"6890a9b4507df7a4c3c48cd0","quantity":1}
[2025-08-09 19:24:39] [INFO] [CART] Updated item quantity in cart {"userId":"68939825df043d86a0d0d488","productId":"6890a9b4507df7a4c3c48cd0","quantity":2}
[2025-08-09 19:24:40] [INFO] [CART] Updated item quantity in cart {"userId":"68939825df043d86a0d0d488","productId":"6890a9b4507df7a4c3c48cd0","quantity":1}
[2025-08-09 19:27:28] [INFO] [CART] Fetched cart {"userId":"68939825df043d86a0d0d488"}
[2025-08-09 19:27:29] [INFO] [CART] Fetched cart {"userId":"68939825df043d86a0d0d488"}
[2025-08-09 19:27:57] [INFO] [CART] Fetched cart {"userId":"68939825df043d86a0d0d488"}
[2025-08-09 19:27:57] [INFO] [CART] Fetched cart {"userId":"68939825df043d86a0d0d488"}
[2025-08-09 19:54:16] [INFO] [CART] Fetched cart {"userId":"68939825df043d86a0d0d488"}
[2025-08-09 19:54:16] [INFO] [CART] Fetched cart {"userId":"68939825df043d86a0d0d488"}
[2025-08-09 19:55:15] [INFO] [CART] Fetched cart {"userId":"68939825df043d86a0d0d488"}
[2025-08-09 19:55:16] [INFO] [CART] Fetched cart {"userId":"68939825df043d86a0d0d488"}
[2025-08-09 19:55:32] [INFO] [CART] Fetched cart {"userId":"68939825df043d86a0d0d488"}
[2025-08-09 19:55:32] [INFO] [CART] Fetched cart {"userId":"68939825df043d86a0d0d488"}
[2025-08-09 19:56:06] [INFO] [CART] Fetched cart {"userId":"68939825df043d86a0d0d488"}
[2025-08-09 19:56:06] [INFO] [CART] Fetched cart {"userId":"68939825df043d86a0d0d488"}
[2025-08-09 19:57:14] [INFO] [CART] Fetched cart {"userId":"68939825df043d86a0d0d488"}
[2025-08-09 19:57:42] [INFO] [CART] Fetched cart {"userId":"68939825df043d86a0d0d488"}
[2025-08-09 20:00:40] [INFO] [CART] Fetched cart {"userId":"68939825df043d86a0d0d488"}
[2025-08-09 20:01:39] [INFO] [CART] Fetched cart {"userId":"68939825df043d86a0d0d488"}
[2025-08-09 20:01:47] [INFO] [CART] Fetched cart {"userId":"68939825df043d86a0d0d488"}
[2025-08-09 20:03:05] [INFO] [CART] Fetched cart {"userId":"68939825df043d86a0d0d488"}
[2025-08-09 20:04:33] [INFO] [CART] Fetched cart {"userId":"68939825df043d86a0d0d488"}
[2025-08-09 20:06:26] [INFO] [CART] Fetched cart {"userId":"68939825df043d86a0d0d488"}
[2025-08-09 20:06:48] [INFO] [CART] Fetched cart {"userId":"68939825df043d86a0d0d488"}
[2025-08-09 20:08:26] [INFO] [CART] Fetched cart {"userId":"68939825df043d86a0d0d488"}
[2025-08-09 20:10:04] [INFO] [CART] Fetched cart {"userId":"68939825df043d86a0d0d488"}
[2025-08-09 20:11:03] [INFO] [CART] Fetched cart {"userId":"68939825df043d86a0d0d488"}
[2025-08-09 20:12:40] [INFO] [CART] Fetched cart {"userId":"68939825df043d86a0d0d488"}
[2025-08-09 20:13:16] [INFO] [CART] Fetched cart {"userId":"68939825df043d86a0d0d488"}
[2025-08-09 20:13:51] [INFO] [CART] Fetched cart {"userId":"68939825df043d86a0d0d488"}
[2025-08-09 20:15:28] [INFO] [CART] Fetched cart {"userId":"68939825df043d86a0d0d488"}
[2025-08-09 20:16:43] [INFO] [CART] Fetched cart {"userId":"68939825df043d86a0d0d488"}
[2025-08-09 20:16:54] [INFO] [CART] Fetched cart {"userId":"68939825df043d86a0d0d488"}
[2025-08-09 20:16:54] [INFO] [CART] Fetched cart {"userId":"68939825df043d86a0d0d488"}
[2025-08-09 20:16:58] [INFO] [CART] Updated item quantity in cart {"userId":"68939825df043d86a0d0d488","productId":"6890a9b4507df7a4c3c48cd0","quantity":2}
[2025-08-09 20:17:00] [INFO] [CART] Updated item quantity in cart {"userId":"68939825df043d86a0d0d488","productId":"6890a9b4507df7a4c3c48cd0","quantity":3}
[2025-08-09 20:17:03] [INFO] [CART] Updated item quantity in cart {"userId":"68939825df043d86a0d0d488","productId":"6890a9b4507df7a4c3c48cd0","quantity":2}
[2025-08-09 20:17:03] [INFO] [CART] Updated item quantity in cart {"userId":"68939825df043d86a0d0d488","productId":"6890a9b4507df7a4c3c48cd0","quantity":1}
[2025-08-09 20:17:04] [INFO] [CART] Updated item quantity in cart {"userId":"68939825df043d86a0d0d488","productId":"6890a9b4507df7a4c3c48cd0","quantity":1}
[2025-08-09 20:17:59] [INFO] [USER] Fetched all users {"total":6,"page":1}
[2025-08-09 20:18:03] [INFO] [USER] User retrieved by ID {"userId":"688ef5567d066276af6d30d1"}
[2025-08-09 20:18:11] [INFO] [USER] User updated {"userId":"688ef5567d066276af6d30d1","updates":{"firstName":"Harish","lastName":"Lankepalli","email":"harish@gmail.com","role":"ADMIN"}}
[2025-08-09 20:18:11] [INFO] [USER] Fetched all users {"total":6,"page":1}
[2025-08-09 20:42:52] [INFO] [CART] Fetched cart {"userId":"68939825df043d86a0d0d488"}
[2025-08-09 20:42:52] [INFO] [CART] Fetched cart {"userId":"68939825df043d86a0d0d488"}
[2025-08-09 20:42:55] [INFO] [CART] Updated item quantity in cart {"userId":"68939825df043d86a0d0d488","productId":"68903eb68547db1aac78efdc","quantity":2}
[2025-08-09 20:43:57] [INFO] [CART] Fetched cart {"userId":"68939825df043d86a0d0d488"}
[2025-08-09 20:43:57] [INFO] [USER] Fetched all users {"total":6,"page":1}
[2025-08-09 20:43:59] [INFO] [CART] Fetched cart {"userId":"68939825df043d86a0d0d488"}
[2025-08-09 20:43:59] [INFO] [CART] Fetched cart {"userId":"68939825df043d86a0d0d488"}
[2025-08-09 20:44:03] [INFO] [CART] Updated item quantity in cart {"userId":"68939825df043d86a0d0d488","productId":"68903eb68547db1aac78efdc","quantity":3}
[2025-08-09 20:44:04] [INFO] [CART] Updated item quantity in cart {"userId":"68939825df043d86a0d0d488","productId":"68903eb68547db1aac78efdc","quantity":2}
[2025-08-09 20:44:06] [INFO] [CART] Updated item quantity in cart {"userId":"68939825df043d86a0d0d488","productId":"68903eb68547db1aac78efdc","quantity":1}
[2025-08-09 20:44:08] [INFO] [CART] Updated item quantity in cart {"userId":"68939825df043d86a0d0d488","productId":"68903eb68547db1aac78efdc","quantity":1}
[2025-08-09 20:44:09] [INFO] [CART] Updated item quantity in cart {"userId":"68939825df043d86a0d0d488","productId":"68903eb68547db1aac78efdc","quantity":2}
[2025-08-09 20:44:10] [INFO] [CART] Updated item quantity in cart {"userId":"68939825df043d86a0d0d488","productId":"68903eb68547db1aac78efdc","quantity":3}
[2025-08-09 20:44:11] [INFO] [CART] Updated item quantity in cart {"userId":"68939825df043d86a0d0d488","productId":"68903eb68547db1aac78efdc","quantity":2}
[2025-08-09 20:44:12] [INFO] [CART] Updated item quantity in cart {"userId":"68939825df043d86a0d0d488","productId":"68903eb68547db1aac78efdc","quantity":1}
[2025-08-09 20:44:17] [INFO] [CART] Updated item quantity in cart {"userId":"68939825df043d86a0d0d488","productId":"6890a9b4507df7a4c3c48cd0","quantity":2}
[2025-08-09 20:44:19] [INFO] [CART] Updated item quantity in cart {"userId":"68939825df043d86a0d0d488","productId":"6890a9b4507df7a4c3c48cd0","quantity":1}
[2025-08-09 20:44:33] [INFO] [AUTH] MongoDB Connected Successfully 
[2025-08-10 12:25:45] [INFO] [AUTH] MongoDB Connected Successfully 
[2025-08-10 12:26:02] [INFO] [CART] Fetched cart {"userId":"68939825df043d86a0d0d488"}
[2025-08-10 14:45:38] [INFO] [AUTH] MongoDB Connected Successfully 
[2025-08-11 12:51:17] [INFO] [AUTH] MongoDB Connected Successfully 
[2025-08-11 07:43:04] [INFO] [AUTH] MongoDB Connected Successfully 
[2025-08-11 07:45:00] [WARN] [USER] Invalid login attempt {"email":"kadurunarendra@gmail.com"}
[2025-08-11 07:45:32] [INFO] [AUTH] MongoDB Connected Successfully 
[2025-08-11 07:47:19] [INFO] [USER] User logged in {"userId":"68999fde221290b1f62bd7e2"}
[2025-08-11 07:47:19] [INFO] [CART] Fetched cart {"userId":"68999fde221290b1f62bd7e2"}
[2025-08-11 07:47:59] [INFO] [USER] User logged in {"userId":"68999fde221290b1f62bd7e2"}
[2025-08-11 07:47:59] [INFO] [CART] Fetched cart {"userId":"68999fde221290b1f62bd7e2"}
[2025-08-11 07:48:08] [INFO] [USER] Fetched all users {"total":1,"page":1}
[2025-08-11 07:51:42] [INFO] [AUTH] MongoDB Connected Successfully 
[2025-08-11 07:55:24] [INFO] [AUTH] MongoDB Connected Successfully 
[2025-08-11 07:57:23] [INFO] [AUTH] MongoDB Connected Successfully 
[2025-08-11 07:58:23] [INFO] [USER] User logged in {"userId":"6899a29004ceab72b2276144"}
[2025-08-11 07:58:23] [INFO] [CART] Fetched cart {"userId":"6899a29004ceab72b2276144"}
[2025-08-11 07:58:59] [INFO] [USER] User logged in {"userId":"6899a29004ceab72b2276144"}
[2025-08-11 07:58:59] [INFO] [CART] Fetched cart {"userId":"6899a29004ceab72b2276144"}
[2025-08-11 08:00:15] [INFO] [USER] User logged in {"userId":"6899a2f304ceab72b2276164"}
[2025-08-11 08:00:15] [INFO] [CART] Fetched cart {"userId":"6899a2f304ceab72b2276164"}
[2025-08-11 08:00:30] [INFO] [USER] User logged in {"userId":"6899a29004ceab72b2276144"}
[2025-08-11 08:00:30] [INFO] [CART] Fetched cart {"userId":"6899a29004ceab72b2276144"}
[2025-08-11 08:00:32] [INFO] [USER] Fetched all users {"total":2,"page":1}
[2025-08-11 08:00:35] [INFO] [USER] User retrieved by ID {"userId":"6899a2f304ceab72b2276164"}
[2025-08-11 08:00:44] [INFO] [USER] User updated {"userId":"6899a2f304ceab72b2276164","updates":{"firstName":"Narendra","lastName":"AWS","email":"narendra86.aws@gmail.com","role":"ADMIN"}}
[2025-08-11 08:00:44] [INFO] [USER] Fetched all users {"total":2,"page":1}
[2025-08-11 08:00:54] [INFO] [USER] User logged in {"userId":"6899a2f304ceab72b2276164"}
[2025-08-11 08:00:54] [INFO] [CART] Fetched cart {"userId":"6899a2f304ceab72b2276164"}
[2025-08-11 08:03:11] [INFO] [PRODUCT] Product created {"productId":"6899a3bf04ceab72b227619c","userId":"6899a2f304ceab72b2276164"}
[2025-08-11 08:03:11] [INFO] [CART] Fetched cart {"userId":"6899a2f304ceab72b2276164"}
[2025-08-11 08:04:36] [INFO] [PRODUCT] Product updated {"productId":"6899a3bf04ceab72b227619c","userId":"6899a2f304ceab72b2276164"}
[2025-08-11 08:07:37] [INFO] [USER] User logged in {"userId":"6899a29004ceab72b2276144"}
[2025-08-11 08:07:37] [INFO] [CART] Fetched cart {"userId":"6899a29004ceab72b2276144"}
[2025-08-11 08:07:39] [INFO] [USER] Fetched all users {"total":2,"page":1}
[2025-08-11 08:07:40] [INFO] [USER] User retrieved by ID {"userId":"6899a29004ceab72b2276144"}
[2025-08-11 08:07:44] [INFO] [USER] Fetched all users {"total":2,"page":1}
[2025-08-11 08:07:46] [INFO] [USER] User retrieved by ID {"userId":"6899a2f304ceab72b2276164"}
[2025-08-11 08:08:01] [INFO] [USER] User updated {"userId":"6899a2f304ceab72b2276164","updates":{"firstName":"Narendra","lastName":"aws86","email":"narendra86.aws@gmail.com","role":"ADMIN"}}
[2025-08-11 08:08:01] [INFO] [USER] Fetched all users {"total":2,"page":1}
[2025-08-11 08:08:12] [INFO] [CART] Fetched cart {"userId":"6899a29004ceab72b2276144"}
[2025-08-11 08:08:12] [INFO] [CART] Fetched cart {"userId":"6899a29004ceab72b2276144"}
[2025-08-11 08:08:14] [INFO] [CART] Cleared cart {"userId":"6899a29004ceab72b2276144"}
[2025-08-11 08:08:17] [INFO] [CART] Added to cart {"userId":"6899a29004ceab72b2276144","productId":"6899a3bf04ceab72b227619c","quantity":1}
[2025-08-11 08:08:19] [INFO] [CART] Fetched cart {"userId":"6899a29004ceab72b2276144"}
[2025-08-11 08:08:19] [INFO] [CART] Fetched cart {"userId":"6899a29004ceab72b2276144"}
[2025-08-11 08:08:24] [INFO] [CART] Fetched cart {"userId":"6899a29004ceab72b2276144"}
[2025-08-11 08:08:24] [INFO] [CART] Fetched cart {"userId":"6899a29004ceab72b2276144"}
[2025-08-11 08:08:43] [INFO] [CART] Updated item quantity in cart {"userId":"6899a29004ceab72b2276144","productId":"6899a3bf04ceab72b227619c","quantity":2}
[2025-08-11 08:08:44] [INFO] [CART] Updated item quantity in cart {"userId":"6899a29004ceab72b2276144","productId":"6899a3bf04ceab72b227619c","quantity":3}
[2025-08-11 08:08:46] [INFO] [CART] Updated item quantity in cart {"userId":"6899a29004ceab72b2276144","productId":"6899a3bf04ceab72b227619c","quantity":2}
[2025-08-11 08:08:46] [INFO] [CART] Updated item quantity in cart {"userId":"6899a29004ceab72b2276144","productId":"6899a3bf04ceab72b227619c","quantity":1}
[2025-08-11 08:08:47] [INFO] [CART] Updated item quantity in cart {"userId":"6899a29004ceab72b2276144","productId":"6899a3bf04ceab72b227619c","quantity":1}
[2025-08-11 08:08:48] [INFO] [CART] Removed item from cart {"userId":"6899a29004ceab72b2276144","productId":"6899a3bf04ceab72b227619c"}
[2025-08-11 08:08:48] [INFO] [CART] Fetched cart {"userId":"6899a29004ceab72b2276144"}
[2025-08-11 08:08:55] [INFO] [PRODUCT] Product liked {"productId":"6899a3bf04ceab72b227619c","userId":"6899a29004ceab72b2276144"}
[2025-08-11 08:08:59] [INFO] [PRODUCT] Product unliked {"productId":"6899a3bf04ceab72b227619c","userId":"6899a29004ceab72b2276144"}
[2025-08-11 08:09:15] [INFO] [USER] Fetched all users {"total":2,"page":1}
[2025-08-11 08:09:18] [INFO] [USER] User retrieved by ID {"userId":"6899a29004ceab72b2276144"}
[2025-08-11 08:09:20] [INFO] [USER] Fetched all users {"total":2,"page":1}
[2025-08-11 08:09:23] [INFO] [USER] User deleted {"userId":"6899a2f304ceab72b2276164"}
[2025-08-11 08:09:27] [INFO] [CART] Fetched cart {"userId":"6899a29004ceab72b2276144"}
[2025-08-11 08:09:27] [INFO] [CART] Fetched cart {"userId":"6899a29004ceab72b2276144"}
